<?xml version="1.0" encoding="UTF-8"?>
<!-- Generated by org.testng.reporters.JUnitXMLReporter -->
<testsuite ignored="1" hostname="DESKTOP-GGQ6OF8" failures="0" tests="1" name="Default test" time="8.643" errors="0" timestamp="2024-06-16T20:47:37 IST">
  <testcase classname="com.opencart.testlayer.LoginTest" name="verifylogintestwithvalidcredentials" time="1.807"/>
  <testcase classname="com.opencart.testlayer.LoginTest" name="verifylogintestwithinvalidcredentials" time="0.0">
    <ignored/>
  </testcase> <!-- verifylogintestwithinvalidcredentials -->
</testsuite> <!-- Default test -->
