<?xml version="1.0" encoding="UTF-8"?>
<testng-results ignored="0" total="1" passed="1" failed="0" skipped="0">
  <reporter-output>
  </reporter-output>
  <suite started-at="2024-06-16T20:47:28 IST" name="Default suite" finished-at="2024-06-16T20:47:36 IST" duration-ms="8643">
    <groups>
    </groups>
    <test started-at="2024-06-16T20:47:28 IST" name="Default test" finished-at="2024-06-16T20:47:36 IST" duration-ms="8643">
      <class name="com.opencart.testlayer.LoginTest">
        <test-method is-config="true" signature="start()[pri:0, instance:com.opencart.testlayer.LoginTest@4c371370]" started-at="2024-06-16T20:47:28 IST" name="start" finished-at="2024-06-16T20:47:28 IST" duration-ms="134" status="PASS">
          <reporter-output>
          </reporter-output>
        </test-method> <!-- start -->
        <test-method is-config="true" signature="setup()[pri:0, instance:com.opencart.testlayer.LoginTest@4c371370]" started-at="2024-06-16T20:47:28 IST" name="setup" finished-at="2024-06-16T20:47:34 IST" duration-ms="6435" status="PASS">
          <reporter-output>
          </reporter-output>
        </test-method> <!-- setup -->
        <test-method signature="verifylogintestwithvalidcredentials()[pri:0, instance:com.opencart.testlayer.LoginTest@4c371370]" started-at="2024-06-16T20:47:34 IST" name="verifylogintestwithvalidcredentials" finished-at="2024-06-16T20:47:36 IST" duration-ms="1807" status="PASS">
          <reporter-output>
          </reporter-output>
        </test-method> <!-- verifylogintestwithvalidcredentials -->
        <test-method is-config="true" signature="close()[pri:0, instance:com.opencart.testlayer.LoginTest@4c371370]" started-at="2024-06-16T20:47:36 IST" name="close" finished-at="2024-06-16T20:47:36 IST" duration-ms="215" status="PASS">
          <reporter-output>
          </reporter-output>
        </test-method> <!-- close -->
        <test-method is-config="true" signature="end()[pri:0, instance:com.opencart.testlayer.LoginTest@4c371370]" started-at="2024-06-16T20:47:36 IST" name="end" finished-at="2024-06-16T20:47:36 IST" duration-ms="0" status="PASS">
          <reporter-output>
          </reporter-output>
        </test-method> <!-- end -->
      </class> <!-- com.opencart.testlayer.LoginTest -->
    </test> <!-- Default test -->
  </suite> <!-- Default suite -->
</testng-results>
